2016/05/06 13:48:32 INFO  - jmeter.util.JMeterUtils: Setting Locale to en_US 
2016/05/06 13:48:32 INFO  - jmeter.JMeter: Loading user properties from: /Users/olvesh/utvikling/public/jmeter-docker/user.properties 
2016/05/06 13:48:32 INFO  - jmeter.JMeter: Loading system properties from: /Users/olvesh/utvikling/tools/apache-jmeter-2.10/bin/system.properties 
2016/05/06 13:48:32 INFO  - jmeter.JMeter: Setting System property: server_port=1099 
2016/05/06 13:48:32 INFO  - jmeter.JMeter: Copyright (c) 1998-2013 The Apache Software Foundation 
2016/05/06 13:48:32 INFO  - jmeter.JMeter: Version 2.10 r1533061 
2016/05/06 13:48:32 INFO  - jmeter.JMeter: java.version=1.8.0_66 
2016/05/06 13:48:32 INFO  - jmeter.JMeter: java.vm.name=Java HotSpot(TM) 64-Bit Server VM 
2016/05/06 13:48:32 INFO  - jmeter.JMeter: os.name=Mac OS X 
2016/05/06 13:48:32 INFO  - jmeter.JMeter: os.arch=x86_64 
2016/05/06 13:48:32 INFO  - jmeter.JMeter: os.version=10.11.4 
2016/05/06 13:48:32 INFO  - jmeter.JMeter: file.encoding=UTF-8 
2016/05/06 13:48:32 INFO  - jmeter.JMeter: Default Locale=English (United States) 
2016/05/06 13:48:32 INFO  - jmeter.JMeter: JMeter  Locale=English (United States) 
2016/05/06 13:48:32 INFO  - jmeter.JMeter: JMeterHome=/Users/olvesh/utvikling/tools/apache-jmeter-2.10 
2016/05/06 13:48:32 INFO  - jmeter.JMeter: user.dir  =/Users/olvesh/utvikling/public/jmeter-docker 
2016/05/06 13:48:32 INFO  - jmeter.JMeter: PWD       =/Users/olvesh/utvikling/public/jmeter-docker 
2016/05/06 13:48:32 INFO  - jmeter.JMeter: IP: 172.24.1.102 Name: Olves-MacBook-Pro.local FullName: 172.24.1.102 
2016/05/06 13:48:32 INFO  - jmeter.engine.RemoteJMeterEngineImpl: Starting backing engine on 1099 
2016/05/06 13:48:32 INFO  - jmeter.engine.RemoteJMeterEngineImpl: Local IP address=172.24.1.102 
2016/05/06 13:48:32 INFO  - jmeter.engine.RemoteJMeterEngineImpl: IP address is a site-local address; this may cause problems with remote access.
	Can be overridden by defining the system property 'java.rmi.server.hostname' - see jmeter-server script file 
2016/05/06 13:48:32 INFO  - jmeter.engine.RemoteJMeterEngineImpl: Creating RMI registry (server.rmi.create=true) 
2016/05/06 13:48:32 INFO  - jmeter.engine.RemoteJMeterEngineImpl: Bound to registry on port 1099 
